<?xml version="1.0" encoding="UTF-8"?>
<!-- Generated by org.testng.reporters.JUnitXMLReporter -->
<testsuite hostname="WIN-9CSDHDN9FSR" name="Default test" tests="3" failures="0" timestamp="13 Jul 2019 18:57:26 GMT" time="0.056" errors="0">
  <testcase name="googlTitleTest" time="0.005" classname="com.Tests.TestNG_Basic"/>
  <testcase name="googleTitleTest" time="0.009" classname="com.Tests.TestNG_Basic"/>
  <testcase name="searchTest" time="0.001" classname="com.Tests.TestNG_Basic"/>
</testsuite> <!-- Default test -->
